\BOOKMARK [1][-]{section.1}{\376\377\000I\000n\000t\000r\000o\000d\000u\000c\000t\000i\000o\000n}{}% 1
\BOOKMARK [1][-]{section.2}{\376\377\000T\000h\000e\000o\000r\000y}{}% 2
\BOOKMARK [2][-]{subsection.2.1}{\376\377\000L\000i\000n\000e\000a\000r\000\040\000D\000i\000s\000c\000r\000i\000m\000i\000n\000a\000n\000t}{section.2}% 3
\BOOKMARK [2][-]{subsection.2.2}{\376\377\000S\000i\000g\000m\000o\000i\000d\000\040\000A\000c\000t\000i\000v\000a\000t\000i\000o\000n}{section.2}% 4
\BOOKMARK [2][-]{subsection.2.3}{\376\377\000M\000S\000E\000\040\000T\000r\000a\000i\000n\000i\000n\000g\000\040\000C\000r\000i\000t\000e\000r\000i\000o\000n}{section.2}% 5
\BOOKMARK [2][-]{subsection.2.4}{\376\377\000G\000r\000a\000d\000i\000e\000n\000t\000\040\000a\000n\000d\000\040\000U\000p\000d\000a\000t\000e}{section.2}% 6
\BOOKMARK [2][-]{subsection.2.5}{\376\377\000N\000e\000a\000r\000e\000s\000t\000-\000N\000e\000i\000g\000h\000b\000o\000u\000r\000\040\000a\000n\000d\000\040\000K\000-\000N\000e\000a\000r\000e\000s\000t\000-\000N\000e\000i\000g\000h\000b\000o\000u\000r\000\040\000C\000l\000a\000s\000s\000i\000f\000i\000e\000r\000s}{section.2}% 7
\BOOKMARK [2][-]{subsection.2.6}{\376\377\000T\000e\000m\000p\000l\000a\000t\000e\000\040\000C\000l\000u\000s\000t\000e\000r\000i\000n\000g}{section.2}% 8
\BOOKMARK [2][-]{subsection.2.7}{\376\377\000C\000o\000n\000f\000u\000s\000i\000o\000n\000\040\000M\000a\000t\000r\000i\000x\000\040\000a\000n\000d\000\040\000E\000r\000r\000o\000r\000\040\000R\000a\000t\000e}{section.2}% 9
\BOOKMARK [1][-]{section.3}{\376\377\000T\000h\000e\000\040\000T\000a\000s\000k}{}% 10
\BOOKMARK [1][-]{section.4}{\376\377\000I\000r\000i\000s\000\040\040\024\000\040\000I\000m\000p\000l\000e\000m\000e\000n\000t\000a\000t\000i\000o\000n\000\040\000a\000n\000d\000\040\000R\000e\000s\000u\000l\000t\000s}{}% 11
\BOOKMARK [2][-]{subsection.4.1}{\376\377\000I\000m\000p\000l\000e\000m\000e\000n\000t\000a\000t\000i\000o\000n\000\040\000O\000v\000e\000r\000v\000i\000e\000w}{section.4}% 12
\BOOKMARK [2][-]{subsection.4.2}{\376\377\000T\000a\000s\000k\000\040\0001\000:\000\040\000T\000r\000a\000i\000n\000i\000n\000g\000\040\000a\000n\000d\000\040\000G\000e\000n\000e\000r\000a\000l\000i\000z\000a\000t\000i\000o\000n}{section.4}% 13
\BOOKMARK [2][-]{subsection.4.3}{\376\377\000T\000a\000s\000k\000\040\0002\000:\000\040\000F\000e\000a\000t\000u\000r\000e\000s\000\040\000a\000n\000d\000\040\000L\000i\000n\000e\000a\000r\000\040\000S\000e\000p\000a\000r\000a\000b\000i\000l\000i\000t\000y}{section.4}% 14
\BOOKMARK [1][-]{section.5}{\376\377\000M\000N\000I\000S\000T\000\040\040\024\000\040\000I\000m\000p\000l\000e\000m\000e\000n\000t\000a\000t\000i\000o\000n\000\040\000a\000n\000d\000\040\000R\000e\000s\000u\000l\000t\000s}{}% 15
\BOOKMARK [2][-]{subsection.5.1}{\376\377\000I\000m\000p\000l\000e\000m\000e\000n\000t\000a\000t\000i\000o\000n\000\040\000O\000v\000e\000r\000v\000i\000e\000w}{section.5}% 16
\BOOKMARK [2][-]{subsection.5.2}{\376\377\000T\000a\000s\000k\000\040\0001\000:\000\040\000N\000N\000\040\000C\000l\000a\000s\000s\000i\000f\000i\000e\000r\000\040\000w\000i\000t\000h\000\040\0006\0000\0000\0000\0000\000\040\000T\000e\000m\000p\000l\000a\000t\000e\000s}{section.5}% 17
\BOOKMARK [2][-]{subsection.5.3}{\376\377\000T\000a\000s\000k\000\040\0002\000:\000\040\000C\000l\000u\000s\000t\000e\000r\000e\000d\000\040\000T\000e\000m\000p\000l\000a\000t\000e\000s\000,\000\040\000N\000N\000\040\000a\000n\000d\000\040\000K\000N\000N}{section.5}% 18
\BOOKMARK [2][-]{subsection.5.4}{\376\377\000C\000o\000m\000p\000a\000r\000i\000s\000o\000n\000\040\000o\000f\000\040\000t\000h\000e\000\040\000T\000h\000r\000e\000e\000\040\000S\000y\000s\000t\000e\000m\000s}{section.5}% 19
\BOOKMARK [1][-]{section.6}{\376\377\000C\000o\000n\000c\000l\000u\000s\000i\000o\000n}{}% 20
\BOOKMARK [1][-]{appendix.A}{\376\377\000M\000A\000T\000L\000A\000B\000\040\000C\000o\000d\000e\000\040\040\024\000\040\000I\000r\000i\000s}{}% 21
\BOOKMARK [2][-]{subsection.A.1}{\376\377\000T\000a\000s\000k\000\040\0001\000:\000\040\000T\000r\000a\000i\000n\000i\000n\000g\000\040\000a\000n\000d\000\040\000G\000e\000n\000e\000r\000a\000l\000i\000z\000a\000t\000i\000o\000n}{appendix.A}% 22
\BOOKMARK [2][-]{subsection.A.2}{\376\377\000T\000a\000s\000k\000\040\0002\000:\000\040\000F\000e\000a\000t\000u\000r\000e\000s\000\040\000a\000n\000d\000\040\000L\000i\000n\000e\000a\000r\000\040\000S\000e\000p\000a\000r\000a\000b\000i\000l\000i\000t\000y}{appendix.A}% 23
\BOOKMARK [1][-]{appendix.B}{\376\377\000M\000A\000T\000L\000A\000B\000\040\000C\000o\000d\000e\000\040\040\024\000\040\000M\000N\000I\000S\000T}{}% 24
\BOOKMARK [2][-]{subsection.B.1}{\376\377\000T\000a\000s\000k\000\040\0001\000:\000\040\000N\000N\000\040\000c\000l\000a\000s\000s\000i\000f\000i\000e\000r\000\040\000w\000i\000t\000h\000\040\000t\000h\000e\000\040\000f\000u\000l\000l\000\040\000t\000r\000a\000i\000n\000i\000n\000g\000\040\000s\000e\000t}{appendix.B}% 25
\BOOKMARK [2][-]{subsection.B.2}{\376\377\000T\000a\000s\000k\000\040\0002\000:\000\040\000C\000l\000u\000s\000t\000e\000r\000e\000d\000\040\000t\000e\000m\000p\000l\000a\000t\000e\000s\000,\000\040\000N\000N\000\040\000a\000n\000d\000\040\000K\000N\000N}{appendix.B}% 26
